2026-02-15T04:34:12.863272Z  INFO ralph_core::event_loop: Memory injection check: enabled=true, inject=Auto, workspace_root="/home/bart/projects/RWO-PR"
2026-02-15T04:34:12.863305Z  INFO ralph_core::event_loop: Looking for memories at: "/home/bart/projects/RWO-PR/.ralph/agent/memories.md" (exists: false)
2026-02-15T04:34:12.863312Z  INFO ralph_core::event_loop: Successfully loaded 0 memories from store
2026-02-15T04:34:12.863315Z  INFO ralph_core::event_loop: Memory store is empty - no memories to inject
2026-02-15T04:34:12.863933Z  INFO ralph_core::event_loop: Injecting ready tasks (0 ready, 0 open, 8 closed) into prompt
2026-02-15T04:35:26.690422Z  INFO ralph_core::event_loop: Memory injection check: enabled=true, inject=Auto, workspace_root="/home/bart/projects/RWO-PR"
2026-02-15T04:35:26.690438Z  INFO ralph_core::event_loop: Looking for memories at: "/home/bart/projects/RWO-PR/.ralph/agent/memories.md" (exists: false)
2026-02-15T04:35:26.690441Z  INFO ralph_core::event_loop: Successfully loaded 0 memories from store
2026-02-15T04:35:26.690442Z  INFO ralph_core::event_loop: Memory store is empty - no memories to inject
2026-02-15T04:35:26.690456Z  INFO ralph_core::event_loop: Injecting scratchpad (2047 chars) into prompt
2026-02-15T04:35:26.690489Z  INFO ralph_core::event_loop: Injecting ready tasks (1 ready, 6 open, 8 closed) into prompt
2026-02-15T04:40:36.056701Z  WARN ralph_core::event_loop: build.done rejected: missing backpressure evidence
2026-02-15T04:40:36.056778Z  INFO ralph_core::event_loop: Memory injection check: enabled=true, inject=Auto, workspace_root="/home/bart/projects/RWO-PR"
2026-02-15T04:40:36.056783Z  INFO ralph_core::event_loop: Looking for memories at: "/home/bart/projects/RWO-PR/.ralph/agent/memories.md" (exists: false)
2026-02-15T04:40:36.056785Z  INFO ralph_core::event_loop: Successfully loaded 0 memories from store
2026-02-15T04:40:36.056786Z  INFO ralph_core::event_loop: Memory store is empty - no memories to inject
2026-02-15T04:40:36.056801Z  INFO ralph_core::event_loop: Injecting scratchpad (2808 chars) into prompt
2026-02-15T04:40:36.056864Z  INFO ralph_core::event_loop: Injecting ready tasks (3 ready, 5 open, 9 closed) into prompt
2026-02-15T04:41:52.277924Z  INFO ralph_core::event_loop: Memory injection check: enabled=true, inject=Auto, workspace_root="/home/bart/projects/RWO-PR"
2026-02-15T04:41:52.277942Z  INFO ralph_core::event_loop: Looking for memories at: "/home/bart/projects/RWO-PR/.ralph/agent/memories.md" (exists: false)
2026-02-15T04:41:52.277945Z  INFO ralph_core::event_loop: Successfully loaded 0 memories from store
2026-02-15T04:41:52.277946Z  INFO ralph_core::event_loop: Memory store is empty - no memories to inject
2026-02-15T04:41:52.277962Z  INFO ralph_core::event_loop: Injecting scratchpad (3430 chars) into prompt
2026-02-15T04:41:52.277999Z  INFO ralph_core::event_loop: Injecting ready tasks (3 ready, 5 open, 9 closed) into prompt
